ď»ż
> arch-pro@0.1.0 build
> next build

npm : Î“ĂśĂˇ Warning: Next.js inferred your 
workspace root, but it may not be 
correct.
At line:1 char:1
+ npm run build 2>&1 | Out-File 
-FilePath build_output.log -Encoding ut 
...
+ ~~~~~~~~~~~~~~~~~~
    + CategoryInfo          : NotSpecifi 
   ed: (Î“ĂśĂˇ Warning: Ne...not be correc  
  t.:String) [], RemoteException
    + FullyQualifiedErrorId : NativeComm 
   andError
 
 We detected multiple lockfiles and 
selected the directory of C:\Users\Stepro
nTech138\package-lock.json as the root 
directory.
 To silence this warning, set 
`turbopack.root` in your Next.js config, 
or consider removing one of the 
lockfiles if it's not needed.
   See https://nextjs.org/docs/app/api-re
ference/config/next-config-js/turbopack#r
oot-directory for more information.
 Detected additional lockfiles: 
   * C:\Users\StepronTech138\Pictures\Acr
hPro\arch-pro\package-lock.json

Î“Ă»â–“ Next.js 16.1.6 (Turbopack)
- Environments: .env

  Creating an optimized production build ...
Î“ÂŁĂ´ Compiled successfully in 10.5s
  Skipping validation of types
  Collecting page data using 15 workers ...
  Generating static pages using 15 workers (0/31) ...
Î“ĂśĂˇ metadataBase property in metadata 
export is not set for resolving social 
open graph or twitter images, using 
"http://localhost:3000". See https://next
js.org/docs/app/api-reference/functions/g
enerate-metadata#metadatabase
Î“ĂśĂˇ metadataBase property in metadata 
export is not set for resolving social 
open graph or twitter images, using 
"http://localhost:3000". See https://next
js.org/docs/app/api-reference/functions/g
enerate-metadata#metadatabase
  Generating static pages using 15 workers (7/31) 
ReferenceError: location is not defined
    at f (C:\Users\StepronTech138\Picture
s\AcrhPro\arch-pro\.next\server\chunks\ss
r\Pictures_AcrhPro_arch-pro_src_app_check
out_page_tsx_d1143234._.js:1:232)
  Generating static pages using 15 workers (15/31) 
  Generating static pages using 15 workers (23/31) 
Î“ÂŁĂ´ Generating static pages using 15 workers (31/31) in 996.1ms
  Finalizing page optimization ...

Route (app)
Î“Ă¶Ă® â•žĂ† /
Î“Ă¶ÂŁ Î“ĂąĂŻ /_not-found
Î“Ă¶ÂŁ Î“ĂąĂŻ /admin
Î“Ă¶ÂŁ Î“ĂąĂŻ /admin/attributes
Î“Ă¶ÂŁ Î“ĂąĂŻ /admin/orders
Î“Ă¶ÂŁ Î“ĂąĂŻ /admin/plans
Î“Ă¶ÂŁ â•žĂ† /admin/plans/[id]
Î“Ă¶ÂŁ Î“ĂąĂŻ /admin/plans/import
Î“Ă¶ÂŁ Î“ĂąĂŻ /admin/plans/new
Î“Ă¶ÂŁ Î“ĂąĂŻ /admin/users
Î“Ă¶ÂŁ â•žĂ† /api/admin/analytics
Î“Ă¶ÂŁ â•žĂ† /api/admin/attributes
Î“Ă¶ÂŁ â•žĂ† /api/admin/attributes/categories
Î“Ă¶ÂŁ â•žĂ† /api/admin/attributes/values
Î“Ă¶ÂŁ â•žĂ† /api/admin/attributes/values/[id]
Î“Ă¶ÂŁ â•žĂ† /api/admin/orders
Î“Ă¶ÂŁ â•žĂ† /api/admin/plans/import
Î“Ă¶ÂŁ â•žĂ† /api/admin/users
Î“Ă¶ÂŁ â•žĂ† /api/auth/[...nextauth]
Î“Ă¶ÂŁ â•žĂ† /api/media/[id]
Î“Ă¶ÂŁ â•žĂ† /api/orders
Î“Ă¶ÂŁ â•žĂ† /api/plans
Î“Ă¶ÂŁ â•žĂ† /api/plans/[id]
Î“Ă¶ÂŁ â•žĂ† /api/plans/[id]/media
Î“Ă¶ÂŁ â•žĂ† /api/plans/[id]/reviews
Î“Ă¶ÂŁ â•žĂ† /api/register
Î“Ă¶ÂŁ â•žĂ† /api/search
Î“Ă¶ÂŁ â•žĂ† /api/upload
Î“Ă¶ÂŁ â•žĂ† /api/wishlist
Î“Ă¶ÂŁ â•žĂ† /api/wishlist/[planId]
Î“Ă¶ÂŁ Î“ĂąĂŻ /auth/register
Î“Ă¶ÂŁ Î“ĂąĂŻ /auth/signin
Î“Ă¶ÂŁ Î“ĂąĂŻ /cart
Î“Ă¶ÂŁ Î“ĂąĂŻ /checkout
Î“Ă¶ÂŁ Î“ĂąĂŻ /compare
Î“Ă¶ÂŁ Î“ĂąĂŻ /downloads
Î“Ă¶ÂŁ Î“ĂąĂŻ /login
Î“Ă¶ÂŁ â•žĂ† /plans
Î“Ă¶ÂŁ â•žĂ† /plans/[id]
Î“Ă¶Ă¶ Î“ĂąĂŻ /wishlist


Î“ĂąĂŻ  (Static)   prerendered as static content
â•žĂ†  (Dynamic)  server-rendered on demand

