
> arch-pro@0.1.0 build
> next build

⚠ Warning: Next.js inferred your workspace root, but it may not be correct.
 We detected multiple lockfiles and selected the directory of C:\Users\StepronTech138\package-lock.json as the root directory.
 To silence this warning, set `turbopack.root` in your Next.js config, or consider removing one of the lockfiles if it's not needed.
   See https://nextjs.org/docs/app/api-reference/config/next-config-js/turbopack#root-directory for more information.
 Detected additional lockfiles: 
   * C:\Users\StepronTech138\Pictures\AcrhPro\arch-pro\package-lock.json

▲ Next.js 16.1.6 (Turbopack)
- Environments: .env

  Creating an optimized production build ...
✓ Compiled successfully in 12.0s
  Running TypeScript ...
Failed to compile.

./src/app/compare/page.tsx:185:52
Type error: Property 'id' does not exist on type '{ planId: string; attributeValueId: string; } & { attributeValue: { id: string; value: string; categoryId: string; } & { category: { name: string; } | null; }; }'.

[0m [90m 183 |[39m                             [33m<[39m[33mdiv[39m key[33m=[39m{plan[33m.[39mid} className[33m=[39m[32m"p-4 border-r border-b text-sm space-y-1"[39m[33m>[39m
 [90m 184 |[39m                                 {plan[33m.[39mattributes[33m.[39mmap(attr [33m=>[39m (
[31m[1m>[22m[39m[90m 185 |[39m                                     [33m<[39m[33mdiv[39m key[33m=[39m{attr[33m.[39mid} className[33m=[39m[32m"flex items-center gap-1.5"[39m[33m>[39m
 [90m     |[39m                                                    [31m[1m^[22m[39m
 [90m 186 |[39m                                         [33m<[39m[33mCheck[39m className[33m=[39m[32m"w-3 h-3 text-primary"[39m [33m/[39m[33m>[39m
 [90m 187 |[39m                                         [33m<[39m[33mspan[39m[33m>[39m{attr[33m.[39mattributeValue[33m.[39mvalue}[33m<[39m[33m/[39m[33mspan[39m[33m>[39m
 [90m 188 |[39m                                     [33m<[39m[33m/[39m[33mdiv[39m[33m>[39m[0m
Next.js build worker exited with code: 1 and signal: null
