
> arch-pro@0.1.0 build
> next build

⚠ Warning: Next.js inferred your workspace root, but it may not be correct.
 We detected multiple lockfiles and selected the directory of C:\Users\StepronTech138\package-lock.json as the root directory.
 To silence this warning, set `turbopack.root` in your Next.js config, or consider removing one of the lockfiles if it's not needed.
   See https://nextjs.org/docs/app/api-reference/config/next-config-js/turbopack#root-directory for more information.
 Detected additional lockfiles: 
   * C:\Users\StepronTech138\Pictures\AcrhPro\arch-pro\package-lock.json

▲ Next.js 16.1.6 (Turbopack)
- Environments: .env

  Creating an optimized production build ...

> Build error occurred
Error: Turbopack build failed with 3 errors:
./Pictures/AcrhPro/arch-pro/src/components/Header.tsx:2:10
Ecmascript file had an error
[0m [90m 1 |[39m [36mimport[39m [33mLink[39m [36mfrom[39m [32m'next/link'[39m[33m;[39m
[31m[1m>[22m[39m[90m 2 |[39m [36mimport[39m { useState } [36mfrom[39m [32m'react'[39m[33m;[39m
 [90m   |[39m          [31m[1m^[22m[39m[31m[1m^[22m[39m[31m[1m^[22m[39m[31m[1m^[22m[39m[31m[1m^[22m[39m[31m[1m^[22m[39m[31m[1m^[22m[39m[31m[1m^[22m[39m
 [90m 3 |[39m [36mimport[39m { [33mFaSearch[39m[33m,[39m [33mFaShoppingCart[39m[33m,[39m [33mFaUser[39m[33m,[39m [33mFaPhone[39m[33m,[39m [33mFaSignOutAlt[39m[33m,[39m [33mFaHeart[39m } [36mfrom[39m [32m'react-icons/fa'[39m[33m;[39m
 [90m 4 |[39m [36mimport[39m { [33mHeart[39m[33m,[39m [33mMenu[39m[33m,[39m [33mX[39m } [36mfrom[39m [32m'lucide-react'[39m[33m;[39m
 [90m 5 |[39m [36mimport[39m { [33mThemeToggle[39m } [36mfrom[39m [32m'./ThemeToggle'[39m[33m;[39m[0m

You're importing a component that needs `useState`. This React Hook only works in a Client Component. To fix, mark the file (or its parent) with the `"use client"` directive.

 Learn more: https://nextjs.org/docs/app/api-reference/directives/use-client



Import trace:
  Server Component:
    ./Pictures/AcrhPro/arch-pro/src/components/Header.tsx
    ./Pictures/AcrhPro/arch-pro/src/app/layout.tsx


./Pictures/AcrhPro/arch-pro/src/app/auth/register/page.tsx:7:1
Module not found: Can't resolve '@/components/ui/label'
[0m [90m  5 |[39m [36mimport[39m { [33mButton[39m } [36mfrom[39m [32m'@/components/ui/button'[39m[33m;[39m
 [90m  6 |[39m [36mimport[39m { [33mInput[39m } [36mfrom[39m [32m'@/components/ui/input'[39m[33m;[39m
[31m[1m>[22m[39m[90m  7 |[39m [36mimport[39m { [33mLabel[39m } [36mfrom[39m [32m'@/components/ui/label'[39m[33m;[39m
 [90m    |[39m [31m[1m^[22m[39m[31m[1m^[22m[39m[31m[1m^[22m[39m[31m[1m^[22m[39m[31m[1m^[22m[39m[31m[1m^[22m[39m[31m[1m^[22m[39m[31m[1m^[22m[39m[31m[1m^[22m[39m[31m[1m^[22m[39m[31m[1m^[22m[39m[31m[1m^[22m[39m[31m[1m^[22m[39m[31m[1m^[22m[39m[31m[1m^[22m[39m[31m[1m^[22m[39m[31m[1m^[22m[39m[31m[1m^[22m[39m[31m[1m^[22m[39m[31m[1m^[22m[39m[31m[1m^[22m[39m[31m[1m^[22m[39m[31m[1m^[22m[39m[31m[1m^[22m[39m[31m[1m^[22m[39m[31m[1m^[22m[39m[31m[1m^[22m[39m[31m[1m^[22m[39m[31m[1m^[22m[39m[31m[1m^[22m[39m[31m[1m^[22m[39m[31m[1m^[22m[39m[31m[1m^[22m[39m[31m[1m^[22m[39m[31m[1m^[22m[39m[31m[1m^[22m[39m[31m[1m^[22m[39m[31m[1m^[22m[39m[31m[1m^[22m[39m[31m[1m^[22m[39m[31m[1m^[22m[39m[31m[1m^[22m[39m[31m[1m^[22m[39m[31m[1m^[22m[39m[31m[1m^[22m[39m[31m[1m^[22m[39m
 [90m  8 |[39m [36mimport[39m { [33mCard[39m[33m,[39m [33mCardContent[39m[33m,[39m [33mCardDescription[39m[33m,[39m [33mCardFooter[39m[33m,[39m [33mCardHeader[39m[33m,[39m [33mCardTitle[39m } [36mfrom[39m [32m'@/components/ui/card'[39m[33m;[39m
 [90m  9 |[39m [36mimport[39m { [33mLoader2[39m } [36mfrom[39m [32m'lucide-react'[39m[33m;[39m
 [90m 10 |[39m [36mimport[39m [33mLink[39m [36mfrom[39m [32m'next/link'[39m[33m;[39m[0m

Import map: aliased to relative './src/components/ui/label' inside of [project]/Pictures/AcrhPro/arch-pro


Import traces:
  Client Component Browser:
    ./Pictures/AcrhPro/arch-pro/src/app/auth/register/page.tsx [Client Component Browser]
    ./Pictures/AcrhPro/arch-pro/src/app/auth/register/page.tsx [Server Component]

  Client Component SSR:
    ./Pictures/AcrhPro/arch-pro/src/app/auth/register/page.tsx [Client Component SSR]
    ./Pictures/AcrhPro/arch-pro/src/app/auth/register/page.tsx [Server Component]

https://nextjs.org/docs/messages/module-not-found


./Pictures/AcrhPro/arch-pro/src/app/auth/signin/page.tsx:8:1
Module not found: Can't resolve '@/components/ui/label'
[0m [90m  6 |[39m [36mimport[39m { [33mButton[39m } [36mfrom[39m [32m'@/components/ui/button'[39m[33m;[39m
 [90m  7 |[39m [36mimport[39m { [33mInput[39m } [36mfrom[39m [32m'@/components/ui/input'[39m[33m;[39m
[31m[1m>[22m[39m[90m  8 |[39m [36mimport[39m { [33mLabel[39m } [36mfrom[39m [32m'@/components/ui/label'[39m[33m;[39m
 [90m    |[39m [31m[1m^[22m[39m[31m[1m^[22m[39m[31m[1m^[22m[39m[31m[1m^[22m[39m[31m[1m^[22m[39m[31m[1m^[22m[39m[31m[1m^[22m[39m[31m[1m^[22m[39m[31m[1m^[22m[39m[31m[1m^[22m[39m[31m[1m^[22m[39m[31m[1m^[22m[39m[31m[1m^[22m[39m[31m[1m^[22m[39m[31m[1m^[22m[39m[31m[1m^[22m[39m[31m[1m^[22m[39m[31m[1m^[22m[39m[31m[1m^[22m[39m[31m[1m^[22m[39m[31m[1m^[22m[39m[31m[1m^[22m[39m[31m[1m^[22m[39m[31m[1m^[22m[39m[31m[1m^[22m[39m[31m[1m^[22m[39m[31m[1m^[22m[39m[31m[1m^[22m[39m[31m[1m^[22m[39m[31m[1m^[22m[39m[31m[1m^[22m[39m[31m[1m^[22m[39m[31m[1m^[22m[39m[31m[1m^[22m[39m[31m[1m^[22m[39m[31m[1m^[22m[39m[31m[1m^[22m[39m[31m[1m^[22m[39m[31m[1m^[22m[39m[31m[1m^[22m[39m[31m[1m^[22m[39m[31m[1m^[22m[39m[31m[1m^[22m[39m[31m[1m^[22m[39m[31m[1m^[22m[39m[31m[1m^[22m[39m
 [90m  9 |[39m [36mimport[39m { [33mCard[39m[33m,[39m [33mCardContent[39m[33m,[39m [33mCardDescription[39m[33m,[39m [33mCardFooter[39m[33m,[39m [33mCardHeader[39m[33m,[39m [33mCardTitle[39m } [36mfrom[39m [32m'@/components/ui/card'[39m[33m;[39m
 [90m 10 |[39m [36mimport[39m { [33mLoader2[39m } [36mfrom[39m [32m'lucide-react'[39m[33m;[39m
 [90m 11 |[39m [36mimport[39m [33mLink[39m [36mfrom[39m [32m'next/link'[39m[33m;[39m[0m

Import map: aliased to relative './src/components/ui/label' inside of [project]/Pictures/AcrhPro/arch-pro


Import traces:
  Client Component Browser:
    ./Pictures/AcrhPro/arch-pro/src/app/auth/signin/page.tsx [Client Component Browser]
    ./Pictures/AcrhPro/arch-pro/src/app/auth/signin/page.tsx [Server Component]

  Client Component SSR:
    ./Pictures/AcrhPro/arch-pro/src/app/auth/signin/page.tsx [Client Component SSR]
    ./Pictures/AcrhPro/arch-pro/src/app/auth/signin/page.tsx [Server Component]

https://nextjs.org/docs/messages/module-not-found


    at <unknown> (./Pictures/AcrhPro/arch-pro/src/components/Header.tsx:2:10)
    at <unknown> (./Pictures/AcrhPro/arch-pro/src/app/auth/register/page.tsx:7:1)
    at <unknown> (https://nextjs.org/docs/messages/module-not-found)
    at <unknown> (./Pictures/AcrhPro/arch-pro/src/app/auth/signin/page.tsx:8:1)
    at <unknown> (https://nextjs.org/docs/messages/module-not-found)
